<?xml version="1.0" encoding="UTF-8"?>
<!-- Generated by org.testng.reporters.JUnitReportReporter -->
<testsuite hostname="JB" failures="0" tests="2" name="com.jala.testsuites.UserTest" time="3.915" errors="0" timestamp="2023-05-06T19:39:31 IST" skipped="0">
  <testcase classname="com.jala.testsuites.UserTest" name="setUp" time="3.910"/>
  <system-out/>
  <testcase classname="com.jala.testsuites.UserTest" name="testSearchAdmin" time="0.005"/>
  <system-out/>
</testsuite> <!-- com.jala.testsuites.UserTest -->
