<?xml version="1.0" encoding="UTF-8"?>
<!-- Generated by org.testng.reporters.JUnitReportReporter -->
<testsuite hostname="JB" failures="0" tests="3" name="com.jala.testsuites.MoreTest" time="4.160" errors="0" timestamp="2023-05-06T19:40:59 IST" skipped="0">
  <testcase classname="com.jala.testsuites.MoreTest" name="testLoginAdmin" time="0.447"/>
  <system-out/>
  <testcase classname="com.jala.testsuites.MoreTest" name="setUp" time="3.662"/>
  <system-out/>
  <testcase classname="com.jala.testsuites.MoreTest" name="testMoreAdmin" time="0.051"/>
  <system-out/>
</testsuite> <!-- com.jala.testsuites.MoreTest -->
