<?xml version="1.0" encoding="UTF-8"?>
<!-- Generated by org.testng.reporters.JUnitReportReporter -->
<testsuite hostname="JB" failures="0" tests="1" name="com.jala.selenium.framework.BaseTest" time="4.568" errors="0" timestamp="2023-05-06T19:40:59 IST" skipped="0">
  <testcase classname="com.jala.selenium.framework.BaseTest" name="setUp" time="4.568"/>
  <system-out/>
</testsuite> <!-- com.jala.selenium.framework.BaseTest -->
