<?xml version="1.0" encoding="UTF-8"?>
<!-- Generated by org.testng.reporters.JUnitReportReporter -->
<testsuite hostname="JB" failures="0" tests="2" name="com.jala.testsuites.UserTest" time="4.398" errors="0" timestamp="2023-05-06T19:40:59 IST" skipped="0">
  <testcase classname="com.jala.testsuites.UserTest" name="testSearchAdmin" time="0.000"/>
  <system-out/>
  <testcase classname="com.jala.testsuites.UserTest" name="setUp" time="4.398"/>
  <system-out/>
</testsuite> <!-- com.jala.testsuites.UserTest -->
