<?xml version="1.0" encoding="UTF-8"?>
<!-- Generated by org.testng.reporters.JUnitReportReporter -->
<testsuite hostname="JB" failures="0" tests="2" name="com.jala.testsuites.LoginTest" time="3.219" errors="0" timestamp="2023-05-06T19:40:59 IST" skipped="0">
  <testcase classname="com.jala.testsuites.LoginTest" name="setUp" time="2.831"/>
  <system-out/>
  <testcase classname="com.jala.testsuites.LoginTest" name="testLoginAdmin" time="0.388"/>
  <system-out/>
</testsuite> <!-- com.jala.testsuites.LoginTest -->
